<?xml version="1.0" encoding="UTF-8"?>
<!-- Generated by org.testng.reporters.JUnitReportReporter -->
<testsuite hostname="DESKTOP-BP612FB" failures="0" tests="1" name="com.Bootcamp.Easy_Part1_3SeleniumFramwork.Successfull_LoginValidCredentialsQ97" time="9.417" errors="0" timestamp="2024-07-15T00:25:04 EDT" skipped="0">
  <testcase classname="com.Bootcamp.Easy_Part1_3SeleniumFramwork.Successfull_LoginValidCredentialsQ97" name="loginWithValidCredentials" time="9.417"/>
</testsuite> <!-- com.Bootcamp.Easy_Part1_3SeleniumFramwork.Successfull_LoginValidCredentialsQ97 -->
