<?xml version="1.0" encoding="UTF-8"?>
<!-- Generated by org.testng.reporters.JUnitReportReporter -->
<testsuite hostname="DESKTOP-BP612FB" failures="0" tests="1" name="com.Bootcamp.Easy_Part1_3SeleniumFramwork.Navigate_To_DifferentPageQ98" time="8.862" errors="0" timestamp="2024-07-15T00:59:24 EDT" skipped="0">
  <testcase classname="com.Bootcamp.Easy_Part1_3SeleniumFramwork.Navigate_To_DifferentPageQ98" name="navigateToDifferentLink" time="8.862"/>
</testsuite> <!-- com.Bootcamp.Easy_Part1_3SeleniumFramwork.Navigate_To_DifferentPageQ98 -->
